c:\users\user\documents\projects\openglgameengine\gameengine\debug\gameengine.pdb
c:\users\user\documents\projects\openglgameengine\gameengine\debug\gameengine.idb
c:\users\user\documents\projects\openglgameengine\gameengine\debug\textureloader.obj
c:\users\user\documents\projects\openglgameengine\gameengine\debug\triangle.obj
c:\users\user\documents\projects\openglgameengine\gameengine\debug\quad.obj
c:\users\user\documents\projects\openglgameengine\gameengine\debug\model.obj
c:\users\user\documents\projects\openglgameengine\gameengine\debug\shadermanager.obj
c:\users\user\documents\projects\openglgameengine\gameengine\debug\scenemanager.obj
c:\users\user\documents\projects\openglgameengine\gameengine\debug\modelsmanager.obj
c:\users\user\documents\projects\openglgameengine\gameengine\debug\engine.obj
c:\users\user\documents\projects\openglgameengine\gameengine\debug\initglut.obj
c:\users\user\documents\projects\openglgameengine\gameengine\debug\initglew.obj
c:\users\user\documents\projects\openglgameengine\debug\gameengine.lib
c:\users\user\documents\projects\openglgameengine\debug\gameengine.pdb
c:\users\user\documents\projects\openglgameengine\gameengine\debug\gameengine.tlog\cl.command.1.tlog
c:\users\user\documents\projects\openglgameengine\gameengine\debug\gameengine.tlog\cl.read.1.tlog
c:\users\user\documents\projects\openglgameengine\gameengine\debug\gameengine.tlog\cl.write.1.tlog
c:\users\user\documents\projects\openglgameengine\gameengine\debug\gameengine.tlog\lib-link.read.1.tlog
c:\users\user\documents\projects\openglgameengine\gameengine\debug\gameengine.tlog\lib-link.write.1.tlog
c:\users\user\documents\projects\openglgameengine\gameengine\debug\gameengine.tlog\lib.command.1.tlog
