  Cube.cpp
  Main.cpp
  Generating Code...
Cube.obj : error LNK2019: unresolved external symbol "public: __thiscall GameEngine::Rendering::Models::Model::Model(void)" (??0Model@Models@Rendering@GameEngine@@QAE@XZ) referenced in function "public: __thiscall Cube::Cube(void)" (??0Cube@@QAE@XZ)
Cube.obj : error LNK2019: unresolved external symbol "public: virtual __thiscall GameEngine::Rendering::Models::Model::~Model(void)" (??1Model@Models@Rendering@GameEngine@@UAE@XZ) referenced in function __unwindfunclet$??0Cube@@QAE@XZ$0
Cube.obj : error LNK2001: unresolved external symbol "public: virtual void __thiscall GameEngine::Rendering::Models::Model::Draw(void)" (?Draw@Model@Models@Rendering@GameEngine@@UAEXXZ)
Cube.obj : error LNK2001: unresolved external symbol "public: virtual void __thiscall GameEngine::Rendering::Models::Model::SetProgram(unsigned int)" (?SetProgram@Model@Models@Rendering@GameEngine@@UAEXI@Z)
Cube.obj : error LNK2001: unresolved external symbol "public: virtual void __thiscall GameEngine::Rendering::Models::Model::Destroy(void)" (?Destroy@Model@Models@Rendering@GameEngine@@UAEXXZ)
Cube.obj : error LNK2001: unresolved external symbol "public: virtual unsigned int __thiscall GameEngine::Rendering::Models::Model::GetVao(void)const " (?GetVao@Model@Models@Rendering@GameEngine@@UBEIXZ)
Cube.obj : error LNK2001: unresolved external symbol "public: virtual class std::vector<unsigned int,class std::allocator<unsigned int> > const & __thiscall GameEngine::Rendering::Models::Model::GetVbos(void)const " (?GetVbos@Model@Models@Rendering@GameEngine@@UBEABV?$vector@IV?$allocator@I@std@@@std@@XZ)
Main.obj : error LNK2019: unresolved external symbol "public: void __thiscall GameEngine::Managers::ShaderManager::CreateProgram(class std::basic_string<char,struct std::char_traits<char>,class std::allocator<char> > const &,class std::basic_string<char,struct std::char_traits<char>,class std::allocator<char> > const &,class std::basic_string<char,struct std::char_traits<char>,class std::allocator<char> > const &)" (?CreateProgram@ShaderManager@Managers@GameEngine@@QAEXABV?$basic_string@DU?$char_traits@D@std@@V?$allocator@D@2@@std@@00@Z) referenced in function _main
Main.obj : error LNK2019: unresolved external symbol "public: static unsigned int const __cdecl GameEngine::Managers::ShaderManager::GetShader(class std::basic_string<char,struct std::char_traits<char>,class std::allocator<char> > const &)" (?GetShader@ShaderManager@Managers@GameEngine@@SA?BIABV?$basic_string@DU?$char_traits@D@std@@V?$allocator@D@2@@std@@@Z) referenced in function _main
Main.obj : error LNK2019: unresolved external symbol "public: void __thiscall GameEngine::Managers::ModelsManager::SetModel(class std::basic_string<char,struct std::char_traits<char>,class std::allocator<char> > const &,class GameEngine::Rendering::IGameObject *)" (?SetModel@ModelsManager@Managers@GameEngine@@QAEXABV?$basic_string@DU?$char_traits@D@std@@V?$allocator@D@2@@std@@PAVIGameObject@Rendering@3@@Z) referenced in function _main
Main.obj : error LNK2019: unresolved external symbol "public: __thiscall GameEngine::Engine::Engine(void)" (??0Engine@GameEngine@@QAE@XZ) referenced in function _main
Main.obj : error LNK2019: unresolved external symbol "public: __thiscall GameEngine::Engine::~Engine(void)" (??1Engine@GameEngine@@QAE@XZ) referenced in function "public: void * __thiscall GameEngine::Engine::`scalar deleting destructor'(unsigned int)" (??_GEngine@GameEngine@@QAEPAXI@Z)
Main.obj : error LNK2019: unresolved external symbol "public: bool __thiscall GameEngine::Engine::Init(void)" (?Init@Engine@GameEngine@@QAE_NXZ) referenced in function _main
Main.obj : error LNK2019: unresolved external symbol "public: void __thiscall GameEngine::Engine::Run(void)" (?Run@Engine@GameEngine@@QAEXXZ) referenced in function _main
Main.obj : error LNK2019: unresolved external symbol "public: class GameEngine::Managers::ShaderManager * __thiscall GameEngine::Engine::GetShaderManager(void)const " (?GetShaderManager@Engine@GameEngine@@QBEPAVShaderManager@Managers@2@XZ) referenced in function _main
Main.obj : error LNK2019: unresolved external symbol "public: class GameEngine::Managers::ModelsManager * __thiscall GameEngine::Engine::GetModelsManager(void)const " (?GetModelsManager@Engine@GameEngine@@QBEPAVModelsManager@Managers@2@XZ) referenced in function _main
C:\Users\User\Documents\Projects\OpenGLGameEngine\Debug\1_Cube.exe : fatal error LNK1120: 16 unresolved externals
